  CrosswordDeck.cpp
C:\Users\JGimenez\Desktop\CrosswordsCRI\CrosswordsCRI\CrosswordGap.h(15,16): warning C4267: 'return': conversión de 'size_t' a 'int'; posible pérdida de datos
  CrosswordDictionary.cpp
C:\Users\JGimenez\Desktop\CrosswordsCRI\CrosswordsCRI\CrosswordDictionary.cpp(55,33): warning C4101: 'e': variable local sin referencia
C:\Program Files (x86)\Microsoft Visual Studio\2019\Community\VC\Tools\MSVC\14.27.29110\include\utility(192,1): warning C4267: 'inicializando': conversión de 'size_t' a '_Ty1'; posible pérdida de datos
          with
          [
              _Ty1=const int
          ]
C:\Program Files (x86)\Microsoft Visual Studio\2019\Community\VC\Tools\MSVC\14.27.29110\include\xmemory(693): message : Vea la referencia a la creación de una instancia de la función plantilla "std::pair<const int,std::vector<std::string,std::allocator<std::string>>>::pair<_Ty,std::vector<std::string,std::allocator<std::string>>&,0>(_Other1 &&,_Other2) noexcept(false)" que se está compilando
          with
          [
              _Ty=size_t,
              _Other1=size_t,
              _Other2=std::vector<std::string,std::allocator<std::string>> &
          ]
C:\Program Files (x86)\Microsoft Visual Studio\2019\Community\VC\Tools\MSVC\14.27.29110\include\xmemory(694): message : Vea la referencia a la creación de una instancia de la función plantilla "std::pair<const int,std::vector<std::string,std::allocator<std::string>>>::pair<_Ty,std::vector<std::string,std::allocator<std::string>>&,0>(_Other1 &&,_Other2) noexcept(false)" que se está compilando
          with
          [
              _Ty=size_t,
              _Other1=size_t,
              _Other2=std::vector<std::string,std::allocator<std::string>> &
          ]
C:\Program Files (x86)\Microsoft Visual Studio\2019\Community\VC\Tools\MSVC\14.27.29110\include\list(585): message : Vea la referencia a la creación de una instancia de la función plantilla "void std::_Default_allocator_traits<_Alloc>::construct<_Ty,unsigned __int64,std::vector<std::string,std::allocator<std::string>>&>(_Alloc &,_Objty *const ,unsigned __int64 &&,std::vector<std::string,std::allocator<std::string>> &)" que se está compilando
          with
          [
              _Alloc=std::allocator<std::_List_node<std::pair<const int,std::vector<std::string,std::allocator<std::string>>>,std::_Default_allocator_traits<std::allocator<std::pair<const int,std::vector<std::string,std::allocator<std::string>>>>>::void_pointer>>,
              _Ty=std::pair<const int,std::vector<std::string,std::allocator<std::string>>>,
              _Objty=std::pair<const int,std::vector<std::string,std::allocator<std::string>>>
          ]
C:\Program Files (x86)\Microsoft Visual Studio\2019\Community\VC\Tools\MSVC\14.27.29110\include\list(587): message : Vea la referencia a la creación de una instancia de la función plantilla "void std::_Default_allocator_traits<_Alloc>::construct<_Ty,unsigned __int64,std::vector<std::string,std::allocator<std::string>>&>(_Alloc &,_Objty *const ,unsigned __int64 &&,std::vector<std::string,std::allocator<std::string>> &)" que se está compilando
          with
          [
              _Alloc=std::allocator<std::_List_node<std::pair<const int,std::vector<std::string,std::allocator<std::string>>>,std::_Default_allocator_traits<std::allocator<std::pair<const int,std::vector<std::string,std::allocator<std::string>>>>>::void_pointer>>,
              _Ty=std::pair<const int,std::vector<std::string,std::allocator<std::string>>>,
              _Objty=std::pair<const int,std::vector<std::string,std::allocator<std::string>>>
          ]
C:\Program Files (x86)\Microsoft Visual Studio\2019\Community\VC\Tools\MSVC\14.27.29110\include\xhash(592): message : Vea la referencia a la creación de una instancia de la función plantilla "std::_List_node_emplace_op2<std::allocator<std::_List_node<_Ty,std::_Default_allocator_traits<_Alloc>::void_pointer>>>::_List_node_emplace_op2<unsigned __int64,std::vector<std::string,std::allocator<std::string>>&>(_Alnode &,unsigned __int64 &&,std::vector<std::string,std::allocator<std::string>> &)" que se está compilando
          with
          [
              _Ty=std::pair<const int,std::vector<std::string,std::allocator<std::string>>>,
              _Alloc=std::allocator<std::pair<const int,std::vector<std::string,std::allocator<std::string>>>>,
              _Alnode=std::allocator<std::_List_node<std::pair<const int,std::vector<std::string,std::allocator<std::string>>>,std::_Default_allocator_traits<std::allocator<std::pair<const int,std::vector<std::string,std::allocator<std::string>>>>>::void_pointer>>
          ]
C:\Program Files (x86)\Microsoft Visual Studio\2019\Community\VC\Tools\MSVC\14.27.29110\include\xhash(625): message : Vea la referencia a la creación de una instancia de la función plantilla "std::_List_node_emplace_op2<std::allocator<std::_List_node<_Ty,std::_Default_allocator_traits<_Alloc>::void_pointer>>>::_List_node_emplace_op2<unsigned __int64,std::vector<std::string,std::allocator<std::string>>&>(_Alnode &,unsigned __int64 &&,std::vector<std::string,std::allocator<std::string>> &)" que se está compilando
          with
          [
              _Ty=std::pair<const int,std::vector<std::string,std::allocator<std::string>>>,
              _Alloc=std::allocator<std::pair<const int,std::vector<std::string,std::allocator<std::string>>>>,
              _Alnode=std::allocator<std::_List_node<std::pair<const int,std::vector<std::string,std::allocator<std::string>>>,std::_Default_allocator_traits<std::allocator<std::pair<const int,std::vector<std::string,std::allocator<std::string>>>>>::void_pointer>>
          ]
C:\Users\JGimenez\Desktop\CrosswordsCRI\CrosswordsCRI\CrosswordDictionary.cpp(52): message : Vea la referencia a la creación de una instancia de la función plantilla "std::pair<std::_List_iterator<std::_List_val<std::_List_simple_types<_Ty>>>,bool> std::_Hash<std::_Umap_traits<_Kty,std::vector<std::string,std::allocator<std::string>>,std::_Uhash_compare<_Kty,_Hasher,_Keyeq>,_Alloc,false>>::emplace<size_t,std::vector<std::string,std::allocator<std::string>>&>(size_t &&,std::vector<std::string,std::allocator<std::string>> &)" que se está compilando
          with
          [
              _Ty=std::pair<const int,std::vector<std::string,std::allocator<std::string>>>,
              _Kty=int,
              _Hasher=std::hash<int>,
              _Keyeq=std::equal_to<int>,
              _Alloc=std::allocator<std::pair<const int,std::vector<std::string,std::allocator<std::string>>>>
          ]
C:\Users\JGimenez\Desktop\CrosswordsCRI\CrosswordsCRI\CrosswordDictionary.cpp(52): message : Vea la referencia a la creación de una instancia de la función plantilla "std::pair<std::_List_iterator<std::_List_val<std::_List_simple_types<_Ty>>>,bool> std::_Hash<std::_Umap_traits<_Kty,std::vector<std::string,std::allocator<std::string>>,std::_Uhash_compare<_Kty,_Hasher,_Keyeq>,_Alloc,false>>::emplace<size_t,std::vector<std::string,std::allocator<std::string>>&>(size_t &&,std::vector<std::string,std::allocator<std::string>> &)" que se está compilando
          with
          [
              _Ty=std::pair<const int,std::vector<std::string,std::allocator<std::string>>>,
              _Kty=int,
              _Hasher=std::hash<int>,
              _Keyeq=std::equal_to<int>,
              _Alloc=std::allocator<std::pair<const int,std::vector<std::string,std::allocator<std::string>>>>
          ]
  CrosswordSolver.cpp
C:\Users\JGimenez\Desktop\CrosswordsCRI\CrosswordsCRI\CrosswordGap.h(15,16): warning C4267: 'return': conversión de 'size_t' a 'int'; posible pérdida de datos
C:\Users\JGimenez\Desktop\CrosswordsCRI\CrosswordsCRI\CrosswordSolver.cpp(6,42): warning C4267: '=': conversión de 'size_t' a 'int'; posible pérdida de datos
  CrosswordsCRI.cpp
C:\Users\JGimenez\Desktop\CrosswordsCRI\CrosswordsCRI\CrosswordGap.h(15,16): warning C4267: 'return': conversión de 'size_t' a 'int'; posible pérdida de datos
  Generando código
  17 of 845 functions ( 2.0%) were compiled, the rest were copied from previous compilation.
    0 functions were new in current compilation
    19 functions had inline decision re-evaluated but remain unchanged
  Generación de código finalizada
  CrosswordsCRI.vcxproj -> C:\Users\JGimenez\Desktop\CrosswordsCRI\x64\Release\CrosswordsCRI.exe
